Arguments: 
  /usr/local/Cellar/node@8/8.12.0/bin/node /usr/local/Cellar/yarn/1.12.3/libexec/bin/yarn.js dev

PATH: 
  /usr/local/opt/node@8/bin:/usr/local/opt/node@8/bin:/usr/local/opt/node@8/bin:/usr/local/bin:/usr/bin:/bin:/usr/sbin:/sbin:/usr/local/opt/node@8/bin

Yarn version: 
  1.12.3

Node version: 
  8.12.0

Platform: 
  darwin x64

Trace: 
  SyntaxError: /Users/jibees/babel-node/packages/package-2/package.json: Unexpected string in JSON at position 177
      at JSON.parse (<anonymous>)
      at /usr/local/Cellar/yarn/1.12.3/libexec/lib/cli.js:1631:59
      at Generator.next (<anonymous>)
      at step (/usr/local/Cellar/yarn/1.12.3/libexec/lib/cli.js:304:30)
      at /usr/local/Cellar/yarn/1.12.3/libexec/lib/cli.js:315:13
      at <anonymous>

npm manifest: 
  {
    "name": "package-2",
    "version": "1.0.0",
    "description": "",
    "main": "index.js",
    "scripts": {
      "dev": "babel-node --config-file ../babel.config.js ./index.js"
      "test": "echo \"Error: no test specified\" && exit 1"
    },
    "author": "",
    "license": "ISC"
  }

yarn manifest: 
  No manifest

Lockfile: 
  No lockfile
